# JRE version: OpenJDK Runtime Environment (21.0.6) (build 21.0.6+-13368085-b895.109)
# Java VM: OpenJDK 64-Bit Server VM (21.0.6+-13368085-b895.109, mixed mode, tiered, compressed oops, compressed class ptrs, g1 gc, windows-amd64)
GC Precious Log:
 CardTable entry size: 512
 Card Set container configuration: InlinePtr #cards 5 size 8 Array Of Cards #cards 12 size 40 Howl #buckets 4 coarsen threshold 1843 Howl Bitmap #cards 512 size 80 coarsen threshold 460 Card regions per heap region 1 cards per card region 2048
 CPUs: 8 total, 8 available
 Memory: 7957M
 Large Page Support: Disabled
 NUMA Support: Disabled
 Compressed Oops: Enabled (32-bit)
 Heap Region Size: 1M
 Heap Min Capacity: 8M
 Heap Initial Capacity: 126M
 Heap Max Capacity: 2G
 Pre-touch: Disabled
 Parallel Workers: 8
 Concurrent Workers: 2
 Concurrent Refinement Workers: 8
 Periodic GC: Disabled
Heap:
 garbage-first heap   total 217088K, used 189245K [0x0000000080000000, 0x0000000100000000)
  region size 1024K, 60 young (61440K), 3 survivors (3072K)
 Metaspace       used 111492K, committed 113728K, reserved 1179648K
  class space    used 15132K, committed 16256K, reserved 1048576K
GC Heap History (20 events):
Event: 41.814 GC heap before
{Heap before GC invocations=33 (full 0):
 garbage-first heap   total 147456K, used 120617K [0x0000000080000000, 0x0000000100000000)
  region size 1024K, 36 young (36864K), 2 survivors (2048K)
 Metaspace       used 79917K, committed 81728K, reserved 1179648K
  class space    used 10751K, committed 11648K, reserved 1048576K
}
Event: 41.819 GC heap after
{Heap after GC invocations=34 (full 0):
 garbage-first heap   total 147456K, used 87704K [0x0000000080000000, 0x0000000100000000)
  region size 1024K, 3 young (3072K), 3 survivors (3072K)
 Metaspace       used 79917K, committed 81728K, reserved 1179648K
  class space    used 10751K, committed 11648K, reserved 1048576K
}
Event: 44.499 GC heap before
{Heap before GC invocations=34 (full 0):
 garbage-first heap   total 147456K, used 145048K [0x0000000080000000, 0x0000000100000000)
  region size 1024K, 47 young (48128K), 3 survivors (3072K)
 Metaspace       used 80869K, committed 82688K, reserved 1179648K
  class space    used 10870K, committed 11776K, reserved 1048576K
}
Event: 44.507 GC heap after
{Heap after GC invocations=35 (full 0):
 garbage-first heap   total 157696K, used 106839K [0x0000000080000000, 0x0000000100000000)
  region size 1024K, 7 young (7168K), 7 survivors (7168K)
 Metaspace       used 80869K, committed 82688K, reserved 1179648K
  class space    used 10870K, committed 11776K, reserved 1048576K
}
Event: 44.592 GC heap before
{Heap before GC invocations=35 (full 0):
 garbage-first heap   total 157696K, used 111959K [0x0000000080000000, 0x0000000100000000)
  region size 1024K, 13 young (13312K), 7 survivors (7168K)
 Metaspace       used 81209K, committed 83072K, reserved 1179648K
  class space    used 10905K, committed 11840K, reserved 1048576K
}
Event: 44.597 GC heap after
{Heap after GC invocations=36 (full 0):
 garbage-first heap   total 157696K, used 108514K [0x0000000080000000, 0x0000000100000000)
  region size 1024K, 1 young (1024K), 1 survivors (1024K)
 Metaspace       used 81209K, committed 83072K, reserved 1179648K
  class space    used 10905K, committed 11840K, reserved 1048576K
}
Event: 45.401 GC heap before
{Heap before GC invocations=37 (full 0):
 garbage-first heap   total 183296K, used 146402K [0x0000000080000000, 0x0000000100000000)
  region size 1024K, 38 young (38912K), 1 survivors (1024K)
 Metaspace       used 84637K, committed 86528K, reserved 1179648K
  class space    used 11280K, committed 12224K, reserved 1048576K
}
Event: 45.405 GC heap after
{Heap after GC invocations=38 (full 0):
 garbage-first heap   total 183296K, used 110360K [0x0000000080000000, 0x0000000100000000)
  region size 1024K, 2 young (2048K), 2 survivors (2048K)
 Metaspace       used 84637K, committed 86528K, reserved 1179648K
  class space    used 11280K, committed 12224K, reserved 1048576K
}
Event: 47.639 GC heap before
{Heap before GC invocations=38 (full 0):
 garbage-first heap   total 183296K, used 173848K [0x0000000080000000, 0x0000000100000000)
  region size 1024K, 60 young (61440K), 2 survivors (2048K)
 Metaspace       used 89050K, committed 91008K, reserved 1179648K
  class space    used 11949K, committed 12928K, reserved 1048576K
}
Event: 47.652 GC heap after
{Heap after GC invocations=39 (full 0):
 garbage-first heap   total 185344K, used 116434K [0x0000000080000000, 0x0000000100000000)
  region size 1024K, 8 young (8192K), 8 survivors (8192K)
 Metaspace       used 89050K, committed 91008K, reserved 1179648K
  class space    used 11949K, committed 12928K, reserved 1048576K
}
Event: 48.769 GC heap before
{Heap before GC invocations=39 (full 0):
 garbage-first heap   total 185344K, used 165586K [0x0000000080000000, 0x0000000100000000)
  region size 1024K, 56 young (57344K), 8 survivors (8192K)
 Metaspace       used 92820K, committed 94784K, reserved 1179648K
  class space    used 12407K, committed 13376K, reserved 1048576K
}
Event: 48.776 GC heap after
{Heap after GC invocations=40 (full 0):
 garbage-first heap   total 185344K, used 118627K [0x0000000080000000, 0x0000000100000000)
  region size 1024K, 3 young (3072K), 3 survivors (3072K)
 Metaspace       used 92820K, committed 94784K, reserved 1179648K
  class space    used 12407K, committed 13376K, reserved 1048576K
}
Event: 49.961 GC heap before
{Heap before GC invocations=41 (full 0):
 garbage-first heap   total 199680K, used 169827K [0x0000000080000000, 0x0000000100000000)
  region size 1024K, 53 young (54272K), 3 survivors (3072K)
 Metaspace       used 97919K, committed 99968K, reserved 1179648K
  class space    used 13083K, committed 14144K, reserved 1048576K
}
Event: 49.968 GC heap after
{Heap after GC invocations=42 (full 0):
 garbage-first heap   total 199680K, used 120959K [0x0000000080000000, 0x0000000100000000)
  region size 1024K, 5 young (5120K), 5 survivors (5120K)
 Metaspace       used 97919K, committed 99968K, reserved 1179648K
  class space    used 13083K, committed 14144K, reserved 1048576K
}
Event: 51.516 GC heap before
{Heap before GC invocations=42 (full 0):
 garbage-first heap   total 199680K, used 185471K [0x0000000080000000, 0x0000000100000000)
  region size 1024K, 65 young (66560K), 5 survivors (5120K)
 Metaspace       used 101166K, committed 103232K, reserved 1179648K
  class space    used 13525K, committed 14592K, reserved 1048576K
}
Event: 51.535 GC heap after
{Heap after GC invocations=43 (full 0):
 garbage-first heap   total 199680K, used 126747K [0x0000000080000000, 0x0000000100000000)
  region size 1024K, 6 young (6144K), 6 survivors (6144K)
 Metaspace       used 101166K, committed 103232K, reserved 1179648K
  class space    used 13525K, committed 14592K, reserved 1048576K
}
Event: 52.331 GC heap before
{Heap before GC invocations=43 (full 0):
 garbage-first heap   total 199680K, used 150299K [0x0000000080000000, 0x0000000100000000)
  region size 1024K, 30 young (30720K), 6 survivors (6144K)
 Metaspace       used 102938K, committed 105088K, reserved 1179648K
  class space    used 13777K, committed 14848K, reserved 1048576K
}
Event: 52.340 GC heap after
{Heap after GC invocations=44 (full 0):
 garbage-first heap   total 199680K, used 128466K [0x0000000080000000, 0x0000000100000000)
  region size 1024K, 5 young (5120K), 5 survivors (5120K)
 Metaspace       used 102938K, committed 105088K, reserved 1179648K
  class space    used 13777K, committed 14848K, reserved 1048576K
}
Event: 54.223 GC heap before
{Heap before GC invocations=45 (full 0):
 garbage-first heap   total 217088K, used 182738K [0x0000000080000000, 0x0000000100000000)
  region size 1024K, 57 young (58368K), 5 survivors (5120K)
 Metaspace       used 107077K, committed 109248K, reserved 1179648K
  class space    used 14514K, committed 15616K, reserved 1048576K
}
Event: 54.229 GC heap after
{Heap after GC invocations=46 (full 0):
 garbage-first heap   total 217088K, used 129853K [0x0000000080000000, 0x0000000100000000)
  region size 1024K, 3 young (3072K), 3 survivors (3072K)
 Metaspace       used 107077K, committed 109248K, reserved 1179648K
  class space    used 14514K, committed 15616K, reserved 1048576K
}

